<?xml version="1.0" encoding="UTF-8"?>
<!-- Generated by org.testng.reporters.JUnitXMLReporter -->
<testsuite hostname="LAPTOP-JIMJKHQD" ignored="0" name="Test" tests="1" failures="0" timestamp="14 May 2020 06:32:00 GMT" time="14.73" errors="0">
  <testcase name="@AfterClass generateExtentReport" time="0.064" classname="bdd.Runner.TrackingRunner">
    <failure type="java.lang.IllegalArgumentException" message="InputStream cannot be null">
      <![CDATA[java.lang.IllegalArgumentException: InputStream cannot be null
at javax.xml.parsers.DocumentBuilder.parse(DocumentBuilder.java:117)
at com.aventstack.extentreports.configuration.ConfigLoader.getConfigurationHash(ConfigLoader.java:64)
at com.aventstack.extentreports.reporter.AbstractReporter.loadXMLConfig(AbstractReporter.java:64)
at com.cucumber.listener.Reporter.loadXMLConfig(Reporter.java:66)
at bdd.Runner.TrackingRunner.generateExtentReport(TrackingRunner.java:25)
... Removed 30 stack frames]]>
    </failure>
  </testcase> <!-- @AfterClass generateExtentReport -->
  <testcase name="@AfterClass tearDownClass" time="0.0" classname="cucumber.api.testng.AbstractTestNGCucumberTests">
    <skipped/>
  </testcase> <!-- @AfterClass tearDownClass -->
  <testcase name="feature" time="14.282" classname="cucumber.api.testng.AbstractTestNGCucumberTests"/>
</testsuite> <!-- Test -->
