<?xml version="1.0" encoding="UTF-8"?>
<!-- Generated by org.testng.reporters.JUnitXMLReporter -->
<testsuite hostname="LAPTOP-JIMJKHQD" ignored="0" name="Test" tests="0" failures="0" timestamp="14 May 2020 03:33:25 GMT" time="0.465" errors="0">
  <testcase name="@AfterClass generateExtentReport" time="0.005" classname="bdd.Runner.TrackingRunner">
    <failure type="java.lang.NullPointerException">
      <![CDATA[java.lang.NullPointerException
at com.cucumber.listener.Reporter.loadXMLConfig(Reporter.java:66)
at bdd.Runner.TrackingRunner.generateExtentReport(TrackingRunner.java:25)
... Removed 26 stack frames]]>
    </failure>
  </testcase> <!-- @AfterClass generateExtentReport -->
  <testcase name="@AfterClass tearDownClass" time="0.0" classname="cucumber.api.testng.AbstractTestNGCucumberTests">
    <skipped/>
  </testcase> <!-- @AfterClass tearDownClass -->
</testsuite> <!-- Test -->
