-------------------------------------------------------------------------------
Test set: TestSuite
-------------------------------------------------------------------------------
Tests run: 3, Failures: 1, Errors: 0, Skipped: 1, Time elapsed: 15.816 s <<< FAILURE! - in TestSuite
generateExtentReport(bdd.Runner.TrackingRunner)  Time elapsed: 14.467 s  <<< FAILURE!
java.lang.IllegalArgumentException: InputStream cannot be null
	at bdd.Runner.TrackingRunner.generateExtentReport(TrackingRunner.java:25)

