<?xml version="1.0" encoding="UTF-8"?>
<testng-results skipped="0" failed="0" ignored="0" total="1" passed="1">
  <reporter-output>
  </reporter-output>
  <suite name="Suite" duration-ms="27668" started-at="2020-05-16T05:21:43Z" finished-at="2020-05-16T05:22:11Z">
    <groups>
      <group name="cucumber">
        <method signature="AbstractTestNGCucumberTests.feature(cucumber.api.testng.CucumberFeatureWrapper)[pri:0, instance:bdd.Runner.TrackingRunner@234bef66]" name="feature" class="cucumber.api.testng.AbstractTestNGCucumberTests"/>
      </group> <!-- cucumber -->
    </groups>
    <test name="Test" duration-ms="27668" started-at="2020-05-16T05:21:43Z" finished-at="2020-05-16T05:22:11Z">
      <class name="bdd.Runner.TrackingRunner">
        <test-method status="PASS" signature="setUpClass()[pri:0, instance:bdd.Runner.TrackingRunner@234bef66]" name="setUpClass" is-config="true" duration-ms="690" started-at="2020-05-16T05:21:43Z" finished-at="2020-05-16T05:21:44Z">
          <reporter-output>
          </reporter-output>
        </test-method> <!-- setUpClass -->
        <test-method status="PASS" signature="feature(cucumber.api.testng.CucumberFeatureWrapper)[pri:0, instance:bdd.Runner.TrackingRunner@234bef66]" name="feature" duration-ms="25563" started-at="2020-05-16T05:21:44Z" description="Runs Cucumber Feature" data-provider="features" finished-at="2020-05-16T05:22:10Z">
          <params>
            <param index="0">
              <value>
                <![CDATA[Ups Tracking Feature]]>
              </value>
            </param>
          </params>
          <reporter-output>
          </reporter-output>
        </test-method> <!-- feature -->
        <test-method status="PASS" signature="generateExtentReport()[pri:0, instance:bdd.Runner.TrackingRunner@234bef66]" name="generateExtentReport" is-config="true" duration-ms="35" started-at="2020-05-16T05:22:10Z" finished-at="2020-05-16T05:22:10Z">
          <reporter-output>
          </reporter-output>
        </test-method> <!-- generateExtentReport -->
        <test-method status="PASS" signature="tearDownClass()[pri:0, instance:bdd.Runner.TrackingRunner@234bef66]" name="tearDownClass" is-config="true" duration-ms="1161" started-at="2020-05-16T05:22:10Z" finished-at="2020-05-16T05:22:11Z">
          <reporter-output>
          </reporter-output>
        </test-method> <!-- tearDownClass -->
      </class> <!-- bdd.Runner.TrackingRunner -->
    </test> <!-- Test -->
  </suite> <!-- Suite -->
</testng-results>
